<?xml version="1.0" encoding="utf-8" standalone="no"?>
<!--This file represents the results of running a test suite-->
<test-results name="C:\LEARN\HKII-2010\XDPM\fixed\46_47_48_49_50_ToanLop3\46_47_48_49_50_ToanLop3Test\46_47_48_49_50_ToanLop3Test.csproj" total="3" errors="3" failures="0" not-run="0" inconclusive="0" ignored="0" skipped="0" invalid="0" date="2010-06-06" time="22:25:18">
  <environment nunit-version="2.5.5.10112" clr-version="2.0.50727.1433" os-version="Microsoft Windows NT 5.1.2600 Service Pack 2" platform="Win32NT" cwd="C:\LEARN\HKII-2010\XDPM\fixed\46_47_48_49_50_ToanLop3\46_47_48_49_50_ToanLop3Test" machine-name="THIENTHANH" user="Thien Thanh" user-domain="THIENTHANH" />
  <culture-info current-culture="en-US" current-uiculture="en-US" />
  <test-suite type="Project" name="C:\LEARN\HKII-2010\XDPM\fixed\46_47_48_49_50_ToanLop3\46_47_48_49_50_ToanLop3Test\46_47_48_49_50_ToanLop3Test.csproj" executed="True" result="Failure" success="False" time="1.172" asserts="0">
    <results>
      <test-suite type="Assembly" name="C:\LEARN\HKII-2010\XDPM\fixed\46_47_48_49_50_ToanLop3\46_47_48_49_50_ToanLop3Test\bin\Debug\46_47_48_49_50_ToanLop3Test.dll" executed="True" result="Failure" success="False" time="1.156" asserts="0">
        <results>
          <test-suite type="Namespace" name="_46_47_48_49_50_ToanLop3Test" executed="True" result="Failure" success="False" time="1.156" asserts="0">
            <results>
              <test-suite type="Namespace" name="Phan4" executed="True" result="Failure" success="False" time="1.156" asserts="0">
                <results>
                  <test-suite type="Namespace" name="DTO" executed="True" result="Failure" success="False" time="1.141" asserts="0">
                    <results>
                      <test-suite type="TestFixture" name="So5ChuSoDTOTest" executed="True" result="Failure" success="False" time="1.141" asserts="0">
                        <results>
                          <test-case name="_46_47_48_49_50_ToanLop3Test.Phan4.DTO.So5ChuSoDTOTest.ConstructorInitialization" executed="True" result="Error" success="False" time="1.125" asserts="0">
                            <failure>
                              <message><![CDATA[System.MissingMethodException : Method not found: 'Void _46_47_48_49_50_ToanLop3.Phan4.DTO.So5ChuSoDTO..ctor()'.]]></message>
                              <stack-trace><![CDATA[at _46_47_48_49_50_ToanLop3Test.Phan4.DTO.So5ChuSoDTOTest.So5ChuSoDTOSetup()
]]></stack-trace>
                            </failure>
                          </test-case>
                          <test-case name="_46_47_48_49_50_ToanLop3Test.Phan4.DTO.So5ChuSoDTOTest.So5ChuSoDTONumber" executed="True" result="Error" success="False" time="0.000" asserts="0">
                            <failure>
                              <message><![CDATA[System.MissingMethodException : Method not found: 'Void _46_47_48_49_50_ToanLop3.Phan4.DTO.So5ChuSoDTO..ctor()'.]]></message>
                              <stack-trace><![CDATA[at _46_47_48_49_50_ToanLop3Test.Phan4.DTO.So5ChuSoDTOTest.So5ChuSoDTOSetup()
]]></stack-trace>
                            </failure>
                          </test-case>
                          <test-case name="_46_47_48_49_50_ToanLop3Test.Phan4.DTO.So5ChuSoDTOTest.So5ChuSoDTOText" executed="True" result="Error" success="False" time="0.000" asserts="0">
                            <failure>
                              <message><![CDATA[System.MissingMethodException : Method not found: 'Void _46_47_48_49_50_ToanLop3.Phan4.DTO.So5ChuSoDTO..ctor()'.]]></message>
                              <stack-trace><![CDATA[at _46_47_48_49_50_ToanLop3Test.Phan4.DTO.So5ChuSoDTOTest.So5ChuSoDTOSetup()
]]></stack-trace>
                            </failure>
                          </test-case>
                        </results>
                      </test-suite>
                    </results>
                  </test-suite>
                </results>
              </test-suite>
            </results>
          </test-suite>
        </results>
      </test-suite>
    </results>
  </test-suite>
</test-results>